[35m[Appium][39m Welcome to Appium v1.20.2
[35m[Appium][39m Non-default server args:
[35m[Appium][39m   port: 64142
[35m[Appium][39m   loglevel: info
[35m[Appium][39m   tmpDir: /var/folders/_1/jhrtgbls3m305qftdq4y0b580000gp/T//Katalon/Appium/Temp1611832056807
[35m[Appium][39m   chromedriverPort: 64143
[35m[Appium][39m Deprecated server args:
[35m[Appium][39m   [31m--chromedriver-port[39m => --default-capabilities
[35m[Appium][39m Default capabilities, which will be added to each request unless overridden by desired capabilities:
[35m[Appium][39m   chromedriverPort: 64143
[35m[Appium][39m Appium REST http interface listener started on 0.0.0.0:64142
[35m[HTTP][39m [37m-->[39m [37mGET[39m [37m/wd/hub/status[39m
[35m[HTTP][39m [90m{}[39m
[35m[HTTP][39m [37m<-- GET /wd/hub/status [39m[32m200[39m [90m9 ms - 68[39m
[35m[HTTP][39m [90m[39m
[35m[HTTP][39m [37m-->[39m [37mGET[39m [37m/wd/hub/status[39m
[35m[HTTP][39m [90m{}[39m
[35m[HTTP][39m [37m<-- GET /wd/hub/status [39m[32m200[39m [90m2 ms - 68[39m
[35m[HTTP][39m [90m[39m
[35m[HTTP][39m [37m-->[39m [37mPOST[39m [37m/wd/hub/session[39m
[35m[HTTP][39m [90m{"desiredCapabilities":{"app":"/Users/swijaya/Downloads/SESI10/APIDemos.apk","noReset":true,"deviceName":"emulator-5554 (Android SDK built for x86 - Android 10)","fullReset":false,"platform":"ANDROID","newCommandTimeout":1800,"platformVersion":"10","automationName":"uiautomator2","autoGrantPermissions":true,"platformName":"Android","udid":"emulator-5554","systemPort":64164},"capabilities":{"firstMatch":[{"appium:app":"/Users/swijaya/Downloads/SESI10/APIDemos.apk","appium:autoGrantPermissions":true,"appium:automationName":"uiautomator2","appium:deviceName":"emulator-5554 (Android SDK built for x86 - Android 10)","appium:fullReset":false,"appium:newCommandTimeout":1800,"appium:noReset":true,"platform":"ANDROID","platformName":"android","appium:platformVersion":"10","appium:systemPort":64164,"appium:udid":"emulator-5554"}]}}[39m
[35m[BaseDriver][39m The following capabilities are not standard capabilities and should have an extension prefix:
[35m[BaseDriver][39m   platform
[35m[BaseDriver][39m   chromedriverPort
[35m[Appium][39m Appium v1.20.2 creating new AndroidUiautomator2Driver (v1.61.2) session
[35m[BaseDriver][39m The following capabilities were provided, but are not recognized by Appium:
[35m[BaseDriver][39m   platform
[35m[BaseDriver][39m Session created with session id: dcc3a3c7-3db0-4503-a353-66d78bd6abf7
[35m[BaseDriver][39m Using local app '/Users/swijaya/Downloads/SESI10/APIDemos.apk'
[35m[ADB][39m Found 1 'build-tools' folders under '/Users/swijaya/.katalon/tools/android_sdk' (newest first):
[35m[ADB][39m     /Users/swijaya/.katalon/tools/android_sdk/build-tools/29.0.3
[35m[ADB][39m Using 'adb' from '/Users/swijaya/.katalon/tools/android_sdk/platform-tools/adb'
[35m[AndroidDriver][39m Retrieving device list
[35m[AndroidDriver][39m Using device: emulator-5554
[35m[ADB][39m Using 'adb' from '/Users/swijaya/.katalon/tools/android_sdk/platform-tools/adb'
[35m[ADB][39m Getting device platform version
[35m[UiAutomator2][39m Relaxing hidden api policy
[35m[ADB][39m Package name: 'com.hmh.api'
[35m[ADB][39m Main activity name: 'com.hmh.api.ApiDemos'
[35m[ADB][39m Using 'apksigner.jar' from '/Users/swijaya/.katalon/tools/android_sdk/build-tools/29.0.3/lib/apksigner.jar'
[35m[ADB][39m '/usr/local/lib/node_modules/appium/node_modules/appium-uiautomator2-server/apks/appium-uiautomator2-server-v4.17.4.apk' is signed with the default certificate
[35m[ADB][39m '/usr/local/lib/node_modules/appium/node_modules/appium-uiautomator2-server/apks/appium-uiautomator2-server-debug-androidTest.apk' is signed with the default certificate
[35m[UiAutomator2][39m Server packages are not going to be (re)installed
[35m[ADB][39m Adding packages ["io.appium.settings","io.appium.uiautomator2.server","io.appium.uiautomator2.server.test"] to Doze whitelist
[35m[ADB][39m '/Users/swijaya/Downloads/SESI10/APIDemos.apk' is signed with the default certificate
[35m[UiAutomator2][39m Starting UIAutomator2 server 4.17.4
[35m[UiAutomator2][39m Using UIAutomator2 server from '/usr/local/lib/node_modules/appium/node_modules/appium-uiautomator2-server/apks/appium-uiautomator2-server-v4.17.4.apk' and test from '/usr/local/lib/node_modules/appium/node_modules/appium-uiautomator2-server/apks/appium-uiautomator2-server-debug-androidTest.apk'
[35m[UiAutomator2][39m Waiting up to 30000ms for UiAutomator2 to be online...
[35m[WD Proxy][39m socket hang up
[35m[WD Proxy][39m socket hang up
[35m[WD Proxy][39m socket hang up
[35m[WD Proxy][39m socket hang up
[35m[WD Proxy][39m Determined the downstream protocol as 'W3C'
[35m[AndroidDriver][39m Screen already unlocked, doing nothing
[35m[UiAutomator2][39m Starting 'com.hmh.api/com.hmh.api.ApiDemos and waiting for 'com.hmh.api/com.hmh.api.ApiDemos'
[35m[Appium][39m New AndroidUiautomator2Driver session created successfully, session dcc3a3c7-3db0-4503-a353-66d78bd6abf7 added to master session list
[35m[HTTP][39m [37m<-- POST /wd/hub/session [39m[32m200[39m [90m14698 ms - 1278[39m
[35m[HTTP][39m [90m[39m
[35m[HTTP][39m [37m-->[39m [37mGET[39m [37m/wd/hub/session/dcc3a3c7-3db0-4503-a353-66d78bd6abf7[39m
[35m[HTTP][39m [90m{}[39m
[35m[HTTP][39m [37m<-- GET /wd/hub/session/dcc3a3c7-3db0-4503-a353-66d78bd6abf7 [39m[32m200[39m [90m21 ms - 1232[39m
[35m[HTTP][39m [90m[39m
[35m[HTTP][39m [37m-->[39m [37mGET[39m [37m/wd/hub/session/dcc3a3c7-3db0-4503-a353-66d78bd6abf7[39m
[35m[HTTP][39m [90m{}[39m
[35m[HTTP][39m [37m<-- GET /wd/hub/session/dcc3a3c7-3db0-4503-a353-66d78bd6abf7 [39m[32m200[39m [90m21 ms - 1232[39m
[35m[HTTP][39m [90m[39m
[35m[HTTP][39m [37m-->[39m [37mGET[39m [37m/wd/hub/status[39m
[35m[HTTP][39m [90m{}[39m
[35m[HTTP][39m [37m<-- GET /wd/hub/status [39m[32m200[39m [90m2 ms - 68[39m
[35m[HTTP][39m [90m[39m
[35m[HTTP][39m [37m-->[39m [37mPOST[39m [37m/wd/hub/session/dcc3a3c7-3db0-4503-a353-66d78bd6abf7/timeouts[39m
[35m[HTTP][39m [90m{"implicit":60000}[39m
[35m[HTTP][39m [37m<-- POST /wd/hub/session/dcc3a3c7-3db0-4503-a353-66d78bd6abf7/timeouts [39m[32m200[39m [90m8 ms - 14[39m
[35m[HTTP][39m [90m[39m
[35m[HTTP][39m [37m-->[39m [37mGET[39m [37m/wd/hub/session/dcc3a3c7-3db0-4503-a353-66d78bd6abf7/source[39m
[35m[HTTP][39m [90m{}[39m
[35m[W3C (dcc3a3c7)][39m Driver proxy active, passing request on via HTTP proxy
[35m[WD Proxy][39m Replacing sessionId 81822efb-d3e5-4313-b3e6-42d883655a9b with dcc3a3c7-3db0-4503-a353-66d78bd6abf7
[35m[HTTP][39m [37m<-- GET /wd/hub/session/dcc3a3c7-3db0-4503-a353-66d78bd6abf7/source [39m[32m200[39m [90m424 ms - 7212[39m
[35m[HTTP][39m [90m[39m
[35m[HTTP][39m [37m-->[39m [37mGET[39m [37m/wd/hub/session/dcc3a3c7-3db0-4503-a353-66d78bd6abf7/screenshot[39m
[35m[HTTP][39m [90m{}[39m
[35m[HTTP][39m [37m<-- GET /wd/hub/session/dcc3a3c7-3db0-4503-a353-66d78bd6abf7/screenshot [39m[32m200[39m [90m655 ms - 37568[39m
[35m[HTTP][39m [90m[39m
[35m[HTTP][39m [37m-->[39m [37mPOST[39m [37m/wd/hub/session/dcc3a3c7-3db0-4503-a353-66d78bd6abf7/elements[39m
[35m[HTTP][39m [90m{"using":"xpath","value":"//*[@class = 'android.widget.TextView' and (@text = 'OS' or . = 'OS') and @resource-id = 'android:id/text1']"}[39m
[35m[HTTP][39m [37m<-- POST /wd/hub/session/dcc3a3c7-3db0-4503-a353-66d78bd6abf7/elements [39m[32m200[39m [90m384 ms - 139[39m
[35m[HTTP][39m [90m[39m
[35m[HTTP][39m [37m-->[39m [37mGET[39m [37m/wd/hub/session/dcc3a3c7-3db0-4503-a353-66d78bd6abf7/window/rect[39m
[35m[HTTP][39m [90m{}[39m
[35m[HTTP][39m [37m<-- GET /wd/hub/session/dcc3a3c7-3db0-4503-a353-66d78bd6abf7/window/rect [39m[32m200[39m [90m34 ms - 48[39m
[35m[HTTP][39m [90m[39m
[35m[HTTP][39m [37m-->[39m [37mPOST[39m [37m/wd/hub/session/dcc3a3c7-3db0-4503-a353-66d78bd6abf7/elements[39m
[35m[HTTP][39m [90m{"using":"xpath","value":"//*[@class = 'android.widget.TextView' and (@text = 'OS' or . = 'OS') and @resource-id = 'android:id/text1']"}[39m
[35m[HTTP][39m [37m<-- POST /wd/hub/session/dcc3a3c7-3db0-4503-a353-66d78bd6abf7/elements [39m[32m200[39m [90m123 ms - 139[39m
[35m[HTTP][39m [90m[39m
[35m[HTTP][39m [37m-->[39m [37mGET[39m [37m/wd/hub/session/dcc3a3c7-3db0-4503-a353-66d78bd6abf7/element/184b872a-488d-48f1-b86e-97330ac70855/location[39m
[35m[HTTP][39m [90m{}[39m
[35m[W3C (dcc3a3c7)][39m Driver proxy active, passing request on via HTTP proxy
[35m[WD Proxy][39m Replacing sessionId 81822efb-d3e5-4313-b3e6-42d883655a9b with dcc3a3c7-3db0-4503-a353-66d78bd6abf7
[35m[HTTP][39m [37m<-- GET /wd/hub/session/dcc3a3c7-3db0-4503-a353-66d78bd6abf7/element/184b872a-488d-48f1-b86e-97330ac70855/location [39m[35m[Appium][39m Received SIGTERM - shutting down
[35m[HTTP][39m Waiting until the server is closed
[35m[HTTP][39m Received server close event
353-66d78bd6abf7/touch/perform[39m
[35m[HTTP][39m [90m{"actions":[{"action":"tap","options":{"x":1,"y":1,"element":"184b872a-488d-48f1-b86e-97330ac70855"}}]}[39m
[35m[UiAutomator2][39m calling get location: 184b872a-488d-48f1-b86e-97330ac70855
[35m[HTTP][39m [37m<-- POST /wd/hub/session/dcc3a3c7-3db0-4503-a353-66d78bd6abf7/touch/perform [39m[32m200[39m [90m812 ms - 14[39m
[35m[HTTP][39m [90m[39m
[35m[HTTP][39m [37m-->[39m [37mGET[39m [37m/wd/hub/session/dcc3a3c7-3db0-4503-a353-66d78bd6abf7/source[39m
[35m[HTTP][39m [90m{}[39m
[35m[W3C (dcc3a3c7)][39m Driver proxy active, passing request on via HTTP proxy
[35m[WD Proxy][39m Replacing sessionId 81822efb-d3e5-4313-b3e6-42d883655a9b with dcc3a3c7-3db0-4503-a353-66d78bd6abf7
[35m[HTTP][39m [37m<-- GET /wd/hub/session/dcc3a3c7-3db0-4503-a353-66d78bd6abf7/source [39m[32m200[39m [90m418 ms - 4812[39m
[35m[HTTP][39m [90m[39m
[35m[HTTP][39m [37m-->[39m [37mGET[39m [37m/wd/hub/session/dcc3a3c7-3db0-4503-a353-66d78bd6abf7/screenshot[39m
[35m[HTTP][39m [90m{}[39m
[35m[HTTP][39m [37m<-- GET /wd/hub/session/dcc3a3c7-3db0-4503-a353-66d78bd6abf7/screenshot [39m[32m200[39m [90m352 ms - 31056[39m
[35m[HTTP][39m [90m[39m
[35m[HTTP][39m [37m-->[39m [37mPOST[39m [37m/wd/hub/session/dcc3a3c7-3db0-4503-a353-66d78bd6abf7/elements[39m
[35m[HTTP][39m [90m{"using":"xpath","value":"//*[@class = 'android.widget.TextView' and (@text = 'Sensors' or . = 'Sensors') and @resource-id = 'android:id/text1']"}[39m
[35m[HTTP][39m [37m<-- POST /wd/hub/session/dcc3a3c7-3db0-4503-a353-66d78bd6abf7/elements [39m[32m200[39m [90m179 ms - 139[39m
[35m[HTTP][39m [90m[39m
[35m[HTTP][39m [37m-->[39m [37mGET[39m [37m/wd/hub/session/dcc3a3c7-3db0-4503-a353-66d78bd6abf7/window/rect[39m
[35m[HTTP][39m [90m{}[39m
[35m[HTTP][39m [37m<-- GET /wd/hub/session/dcc3a3c7-3db0-4503-a353-66d78bd6abf7/window/rect [39m[32m200[39m [90m33 ms - 48[39m
[35m[HTTP][39m [90m[39m
[35m[HTTP][39m [37m-->[39m [37mPOST[39m [37m/wd/hub/session/dcc3a3c7-3db0-4503-a353-66d78bd6abf7/elements[39m
[35m[HTTP][39m [90m{"using":"xpath","value":"//*[@class = 'android.widget.TextView' and (@text = 'Sensors' or . = 'Sensors') and @resource-id = 'android:id/text1']"}[39m
[35m[HTTP][39m [37m<-- POST /wd/hub/session/dcc3a3c7-3db0-4503-a353-66d78bd6abf7/elements [39m[32m200[39m [90m66 ms - 139[39m
[35m[HTTP][39m [90m[39m
[35m[HTTP][39m [37m-->[39m [37mGET[39m [37m/wd/hub/session/dcc3a3c7-3db0-4503-a353-66d78bd6abf7/element/ef70a868-f8f8-461a-b750-0af82173ede3/location[39m
[35m[HTTP][39m [90m{}[39m
[35m[W3C (dcc3a3c7)][39m Driver proxy active, passing request on via HTTP proxy
[35m[WD Proxy][39m Replacing sessionId 81822efb-d3e5-4313-b3e6-42d883655a9b with dcc3a3c7-3db0-4503-a353-66d78bd6abf7
[35m[HTTP][39m [37m<-- GET /wd/hub/session/dcc3a3c7-3db0-4503-a353-66d78bd6abf7/element/ef70a868-f8f8-461a-b750-0af82173ede3/location [39m[32m200[39m [90m79 ms - 76[39m
[35m[HTTP][39m [90m[39m
[35m[HTTP][39m [37m-->[39m [37mPOST[39m [37m/wd/hub/session/dcc3a3c7-3db0-4503-a353-66d78bd6abf7/touch/perform[39m
[35m[HTTP][39m [90m{"actions":[{"action":"tap","options":{"x":1,"y":1,"element":"ef70a868-f8f8-461a-b750-0af82173ede3"}}]}[39m
[35m[UiAutomator2][39m calling get location: ef70a868-f8f8-461a-b750-0af82173ede3
[35m[HTTP][39m [37m<-- POST /wd/hub/session/dcc3a3c7-3db0-4503-a353-66d78bd6abf7/touch/perform [39m[32m200[39m [90m1403 ms - 14[39m
[35m[HTTP][39m [90m[39m
[35m[HTTP][39m [37m-->[39m [37mGET[39m [37m/wd/hub/session/dcc3a3c7-3db0-4503-a353-66d78bd6abf7/source[39m
[35m[HTTP][39m [90m{}[39m
[35m[W3C (dcc3a3c7)][39m Driver proxy active, passing request on via HTTP proxy
[35m[WD Proxy][39m Replacing sessionId 81822efb-d3e5-4313-b3e6-42d883655a9b with dcc3a3c7-3db0-4503-a353-66d78bd6abf7
[35m[HTTP][39m [37m<-- GET /wd/hub/session/dcc3a3c7-3db0-4503-a353-66d78bd6abf7/source [39m[32m200[39m [90m343 ms - 3102[39m
[35m[HTTP][39m [90m[39m
[35m[HTTP][39m [37m-->[39m [37mGET[39m [37m/wd/hub/session/dcc3a3c7-3db0-4503-a353-66d78bd6abf7/screenshot[39m
[35m[HTTP][39m [90m{}[39m
[35m[HTTP][39m [37m<-- GET /wd/hub/session/dcc3a3c7-3db0-4503-a353-66d78bd6abf7/screenshot [39m[32m200[39m [90m681 ms - 24710[39m
[35m[HTTP][39m [90m[39m
[35m[HTTP][39m [37m-->[39m [37mGET[39m [37m/wd/hub/session/dcc3a3c7-3db0-4503-a353-66d78bd6abf7/context[39m
[35m[HTTP][39m [90m{}[39m
[35m[HTTP][39m [37m<-- GET /wd/hub/session/dcc3a3c7-3db0-4503-a353-66d78bd6abf7/context [39m[32m200[39m [90m2 ms - 22[39m
[35m[HTTP][39m [90m[39m
[35m[HTTP][39m [37m-->[39m [37mGET[39m [37m/wd/hub/session/dcc3a3c7-3db0-4503-a353-66d78bd6abf7/contexts[39m
[35m[HTTP][39m [90m{}[39m
[35m[HTTP][39m [37m<-- GET /wd/hub/session/dcc3a3c7-3db0-4503-a353-66d78bd6abf7/contexts [39m[32m200[39m [90m231 ms - 24[39m
[35m[HTTP][39m [90m[39m
[35m[HTTP][39m [37m-->[39m [37mPOST[39m [37m/wd/hub/session/dcc3a3c7-3db0-4503-a353-66d78bd6abf7/context[39m
[35m[HTTP][39m [90m{"name":"NATIVE_APP"}[39m
[35m[HTTP][39m [37m<-- POST /wd/hub/session/dcc3a3c7-3db0-4503-a353-66d78bd6abf7/context [39m[32m200[39m [90m4 ms - 14[39m
[35m[HTTP][39m [90m[39m
[35m[HTTP][39m [37m-->[39m [37mPOST[39m [37m/wd/hub/session/dcc3a3c7-3db0-4503-a353-66d78bd6abf7/appium/device/press_keycode[39m
[35m[HTTP][39m [90m{"keycode":4}[39m
[35m[HTTP][39m [37m<-- POST /wd/hub/session/dcc3a3c7-3db0-4503-a353-66d78bd6abf7/appium/device/press_keycode [39m[32m200[39m [90m738 ms - 14[39m
[35m[HTTP][39m [90m[39m
[35m[HTTP][39m [37m-->[39m [37mPOST[39m [37m/wd/hub/session/dcc3a3c7-3db0-4503-a353-66d78bd6abf7/context[39m
[35m[HTTP][39m [90m{"name":"NATIVE_APP"}[39m
[35m[HTTP][39m [37m<-- POST /wd/hub/session/dcc3a3c7-3db0-4503-a353-66d78bd6abf7/context [39m[32m200[39m [90m1 ms - 14[39m
[35m[HTTP][39m [90m[39m
[35m[HTTP][39m [37m-->[39m [37mGET[39m [37m/wd/hub/session/dcc3a3c7-3db0-4503-a353-66d78bd6abf7/source[39m
[35m[HTTP][39m [90m{}[39m
[35m[W3C (dcc3a3c7)][39m Driver proxy active, passing request on via HTTP proxy
[35m[WD Proxy][39m Replacing sessionId 81822efb-d3e5-4313-b3e6-42d883655a9b with dcc3a3c7-3db0-4503-a353-66d78bd6abf7
[35m[HTTP][39m [37m<-- GET /wd/hub/session/dcc3a3c7-3db0-4503-a353-66d78bd6abf7/source [39m[32m200[39m [90m141 ms - 4812[39m
[35m[HTTP][39m [90m[39m
[35m[HTTP][39m [37m-->[39m [37mGET[39m [37m/wd/hub/session/dcc3a3c7-3db0-4503-a353-66d78bd6abf7/screenshot[39m
[35m[HTTP][39m [90m{}[39m
[35m[HTTP][39m [37m<-- GET /wd/hub/session/dcc3a3c7-3db0-4503-a353-66d78bd6abf7/screenshot [39m[32m200[39m [90m329 ms - 31004[39m
[35m[HTTP][39m [90m[39m
[35m[HTTP][39m [37m-->[39m [37mGET[39m [37m/wd/hub/session/dcc3a3c7-3db0-4503-a353-66d78bd6abf7/context[39m
[35m[HTTP][39m [90m{}[39m
[35m[HTTP][39m [37m<-- GET /wd/hub/session/dcc3a3c7-3db0-4503-a353-66d78bd6abf7/context [39m[32m200[39m [90m2 ms - 22[39m
[35m[HTTP][39m [90m[39m
[35m[HTTP][39m [37m-->[39m [37mGET[39m [37m/wd/hub/session/dcc3a3c7-3db0-4503-a353-66d78bd6abf7/contexts[39m
[35m[HTTP][39m [90m{}[39m
[35m[HTTP][39m [37m<-- GET /wd/hub/session/dcc3a3c7-3db0-4503-a353-66d78bd6abf7/contexts [39m[32m200[39m [90m141 ms - 24[39m
[35m[HTTP][39m [90m[39m
[35m[HTTP][39m [37m-->[39m [37mPOST[39m [37m/wd/hub/session/dcc3a3c7-3db0-4503-a353-66d78bd6abf7/context[39m
[35m[HTTP][39m [90m{"name":"NATIVE_APP"}[39m
[35m[HTTP][39m [37m<-- POST /wd/hub/session/dcc3a3c7-3db0-4503-a353-66d78bd6abf7/context [39m[32m200[39m [90m2 ms - 14[39m
[35m[HTTP][39m [90m[39m
[35m[HTTP][39m [37m-->[39m [37mPOST[39m [37m/wd/hub/session/dcc3a3c7-3db0-4503-a353-66d78bd6abf7/appium/device/press_keycode[39m
[35m[HTTP][39m [90m{"keycode":4}[39m
[35m[HTTP][39m [37m<-- POST /wd/hub/session/dcc3a3c7-3db0-4503-a353-66d78bd6abf7/appium/device/press_keycode [39m[32m200[39m [90m898 ms - 14[39m
[35m[HTTP][39m [90m[39m
[35m[HTTP][39m [37m-->[39m [37mPOST[39m [37m/wd/hub/session/dcc3a3c7-3db0-4503-a353-66d78bd6abf7/context[39m
[35m[HTTP][39m [90m{"name":"NATIVE_APP"}[39m
[35m[HTTP][39m [37m<-- POST /wd/hub/session/dcc3a3c7-3db0-4503-a353-66d78bd6abf7/context [39m[32m200[39m [90m2 ms - 14[39m
[35m[HTTP][39m [90m[39m
[35m[HTTP][39m [37m-->[39m [37mGET[39m [37m/wd/hub/session/dcc3a3c7-3db0-4503-a353-66d78bd6abf7/source[39m
[35m[HTTP][39m [90m{}[39m
[35m[W3C (dcc3a3c7)][39m Driver proxy active, passing request on via HTTP proxy
[35m[WD Proxy][39m Replacing sessionId 81822efb-d3e5-4313-b3e6-42d883655a9b with dcc3a3c7-3db0-4503-a353-66d78bd6abf7
[35m[HTTP][39m [37m<-- GET /wd/hub/session/dcc3a3c7-3db0-4503-a353-66d78bd6abf7/source [39m[32m200[39m [90m262 ms - 7212[39m
[35m[HTTP][39m [90m[39m
[35m[HTTP][39m [37m-->[39m [37mGET[39m [37m/wd/hub/session/dcc3a3c7-3db0-4503-a353-66d78bd6abf7/screenshot[39m
[35m[HTTP][39m [90m{}[39m
[35m[HTTP][39m [37m<-- GET /wd/hub/session/dcc3a3c7-3db0-4503-a353-66d78bd6abf7/screenshot [39m[32m200[39m [90m402 ms - 37786[39m
[35m[HTTP][39m [90m[39m
[35m[HTTP][39m [37m-->[39m [37mDELETE[39m [37m/wd/hub/session/dcc3a3c7-3db0-4503-a353-66d78bd6abf7[39m
[35m[HTTP][39m [90m{}[39m
[35m[Appium][39m Removing session dcc3a3c7-3db0-4503-a353-66d78bd6abf7 from our master session list
[35m[UiAutomator2][39m Restoring hidden api policy to the device default configuration
[35m[HTTP][39m [37m<-- DELETE /wd/hub/session/dcc3a3c7-3db0-4503-a353-66d78bd6abf7 [39m[32m200[39m [90m1756 ms - 14[39m
[35m[HTTP][39m [90m[39m
